Video3/build/outputs/logs/manifest-merger-A0001-debug-report.txt
-- Merging decision tree log ---
manifest
ADDED from src\main\AndroidManifest.xml:2:1-201:12
	package
		ADDED from src\main\AndroidManifest.xml:3:5-29
		INJECTED from src\main\AndroidManifest.xml
		INJECTED from src\main\AndroidManifest.xml
	android:versionName
		INJECTED from src\main\AndroidManifest.xml
		INJECTED from src\main\AndroidManifest.xml
	xmlns:android
		ADDED from src\main\AndroidManifest.xml:2:11-69
	android:versionCode
		INJECTED from src\main\AndroidManifest.xml
		INJECTED from src\main\AndroidManifest.xml
uses-permission#android.permission.INTERNET
ADDED from src\main\AndroidManifest.xml:5:5-67
	android:name
		ADDED from src\main\AndroidManifest.xml:5:22-64
uses-permission#android.permission.READ_PHONE_STATE
ADDED from src\main\AndroidManifest.xml:6:5-75
	android:name
		ADDED from src\main\AndroidManifest.xml:6:22-72
uses-permission#android.permission.CHANGE_NETWORK_STATE
ADDED from src\main\AndroidManifest.xml:8:5-79
	android:name
		ADDED from src\main\AndroidManifest.xml:8:22-76
uses-permission#android.permission.CHANGE_WIFI_STATE
ADDED from src\main\AndroidManifest.xml:9:5-76
	android:name
		ADDED from src\main\AndroidManifest.xml:9:22-73
uses-permission#android.permission.WRITE_EXTERNAL_STORAGE
ADDED from src\main\AndroidManifest.xml:10:5-81
	android:name
		ADDED from src\main\AndroidManifest.xml:10:22-78
uses-permission#android.permission.READ_EXTERNAL_STORAGE
ADDED from src\main\AndroidManifest.xml:11:5-80
	android:name
		ADDED from src\main\AndroidManifest.xml:11:22-77
uses-permission#android.permission.ACCESS_NETWORK_STATE
ADDED from src\main\AndroidManifest.xml:13:5-79
	android:name
		ADDED from src\main\AndroidManifest.xml:13:22-76
uses-permission#android.permission.ACCESS_WIFI_STATE
ADDED from src\main\AndroidManifest.xml:14:5-76
	android:name
		ADDED from src\main\AndroidManifest.xml:14:22-73
uses-permission#android.permission.RESTART_PACKAGES
ADDED from src\main\AndroidManifest.xml:17:5-75
	android:name
		ADDED from src\main\AndroidManifest.xml:17:22-72
uses-permission#android.permission.ACCESS_COARSE_LOCATION
ADDED from src\main\AndroidManifest.xml:19:5-81
	android:name
		ADDED from src\main\AndroidManifest.xml:19:22-78
uses-permission#android.permission.MOUNT_UNMOUNT_FILESYSTEMS
ADDED from src\main\AndroidManifest.xml:21:5-84
	android:name
		ADDED from src\main\AndroidManifest.xml:21:22-81
uses-permission#android.permission.RECEIVE_BOOT_COMPLETED
ADDED from src\main\AndroidManifest.xml:23:5-81
	android:name
		ADDED from src\main\AndroidManifest.xml:23:22-78
application
ADDED from src\main\AndroidManifest.xml:37:5-199:19
MERGED from [com.android.support:appcompat-v7:23.2.1] AndroidManifest.xml:25:5-20
MERGED from [com.android.support:support-v4:23.2.1] AndroidManifest.xml:22:5-20
MERGED from [com.android.support:animated-vector-drawable:23.2.1] AndroidManifest.xml:7:5-20
MERGED from [com.android.support:support-vector-drawable:23.2.1] AndroidManifest.xml:7:5-20
MERGED from [com.android.support:support-v4:23.2.1] AndroidManifest.xml:22:5-20
MERGED from [com.android.support:support-vector-drawable:23.2.1] AndroidManifest.xml:7:5-20
MERGED from [com.android.support:support-v4:23.2.1] AndroidManifest.xml:22:5-20
MERGED from [com.android.support:support-v4:23.2.1] AndroidManifest.xml:22:5-20
	android:label
		ADDED from src\main\AndroidManifest.xml:41:9-41
	android:supportsRtl
		ADDED from src\main\AndroidManifest.xml:42:9-35
	android:allowBackup
		ADDED from src\main\AndroidManifest.xml:39:9-35
	android:icon
		ADDED from src\main\AndroidManifest.xml:40:9-43
	android:theme
		ADDED from src\main\AndroidManifest.xml:43:9-40
	android:name
		ADDED from src\main\AndroidManifest.xml:38:9-46
meta-data#UMENG_APPKEY
ADDED from src\main\AndroidManifest.xml:45:9-47:35
	android:value
		ADDED from src\main\AndroidManifest.xml:47:13-32
	android:name
		ADDED from src\main\AndroidManifest.xml:46:13-40
meta-data#UMENG_CHANNEL
ADDED from src\main\AndroidManifest.xml:48:9-50:52
	android:value
		ADDED from src\main\AndroidManifest.xml:50:13-49
		INJECTED from src\main\AndroidManifest.xml
	android:name
		ADDED from src\main\AndroidManifest.xml:49:13-41
activity#lvxingdaka.com.ui.activity.MainActivity
ADDED from src\main\AndroidManifest.xml:52:9-76
	android:name
		ADDED from src\main\AndroidManifest.xml:52:19-73
activity#lvxingdaka.com.ui.activity.SplashActivity
ADDED from src\main\AndroidManifest.xml:55:9-63:20
	android:theme
		ADDED from src\main\AndroidManifest.xml:57:13-55
	android:name
		ADDED from src\main\AndroidManifest.xml:56:13-69
intent-filter#android.intent.action.MAIN+android.intent.category.LAUNCHER
ADDED from src\main\AndroidManifest.xml:58:13-62:29
action#android.intent.action.MAIN
ADDED from src\main\AndroidManifest.xml:59:17-69
	android:name
		ADDED from src\main\AndroidManifest.xml:59:25-66
category#android.intent.category.LAUNCHER
ADDED from src\main\AndroidManifest.xml:61:17-77
	android:name
		ADDED from src\main\AndroidManifest.xml:61:27-74
activity#lvxingdaka.com.ui.activity.VideoActivity
ADDED from src\main\AndroidManifest.xml:64:9-67:52
	android:screenOrientation
		ADDED from src\main\AndroidManifest.xml:67:13-49
	android:launchMode
		ADDED from src\main\AndroidManifest.xml:66:13-44
	android:name
		ADDED from src\main\AndroidManifest.xml:65:13-68
activity#lvxingdaka.com.ui.activity.ActiveActivity
ADDED from src\main\AndroidManifest.xml:68:9-78
	android:name
		ADDED from src\main\AndroidManifest.xml:68:19-75
activity#lvxingdaka.com.ui.activity.ProtocolActivity
ADDED from src\main\AndroidManifest.xml:69:9-80
	android:name
		ADDED from src\main\AndroidManifest.xml:69:19-77
activity#lvxingdaka.com.ui.activity.VideoPlayActivity
ADDED from src\main\AndroidManifest.xml:70:9-75:58
	android:screenOrientation
		ADDED from src\main\AndroidManifest.xml:74:13-50
	android:launchMode
		ADDED from src\main\AndroidManifest.xml:73:13-44
	android:configChanges
		ADDED from src\main\AndroidManifest.xml:72:13-68
	android:theme
		ADDED from src\main\AndroidManifest.xml:75:13-55
	android:name
		ADDED from src\main\AndroidManifest.xml:71:13-72
activity#lvxingdaka.com.ui.activity.PayActivity
ADDED from src\main\AndroidManifest.xml:76:9-79:73
	android:label
		ADDED from src\main\AndroidManifest.xml:78:13-33
	android:theme
		ADDED from src\main\AndroidManifest.xml:79:13-70
	android:name
		ADDED from src\main\AndroidManifest.xml:77:13-66
activity#lvxingdaka.com.ui.activity.ListActivity
ADDED from src\main\AndroidManifest.xml:80:9-76
	android:name
		ADDED from src\main\AndroidManifest.xml:80:19-73
activity#com.wo.main.WP_V_PayMain
ADDED from src\main\AndroidManifest.xml:85:9-91:67
	android:screenOrientation
		ADDED from src\main\AndroidManifest.xml:89:13-49
	android:launchMode
		ADDED from src\main\AndroidManifest.xml:88:13-43
	android:windowSoftInputMode
		ADDED from src\main\AndroidManifest.xml:91:13-64
	android:configChanges
		ADDED from src\main\AndroidManifest.xml:87:13-74
	android:theme
		ADDED from src\main\AndroidManifest.xml:90:13-72
	android:name
		ADDED from src\main\AndroidManifest.xml:86:13-52
activity#com.wo.main.WP_V_PayLoad
ADDED from src\main\AndroidManifest.xml:92:9-97:75
	android:screenOrientation
		ADDED from src\main\AndroidManifest.xml:96:13-49
	android:launchMode
		ADDED from src\main\AndroidManifest.xml:95:13-43
	android:configChanges
		ADDED from src\main\AndroidManifest.xml:94:13-74
	android:theme
		ADDED from src\main\AndroidManifest.xml:97:13-72
	android:name
		ADDED from src\main\AndroidManifest.xml:93:13-52
activity#com.wo.main.WP_V_PayResult
ADDED from src\main\AndroidManifest.xml:98:9-105:70
	android:screenOrientation
		ADDED from src\main\AndroidManifest.xml:103:13-49
	android:label
		ADDED from src\main\AndroidManifest.xml:101:13-45
	android:launchMode
		ADDED from src\main\AndroidManifest.xml:102:13-43
	android:windowSoftInputMode
		ADDED from src\main\AndroidManifest.xml:105:13-67
	android:configChanges
		ADDED from src\main\AndroidManifest.xml:100:13-74
	android:theme
		ADDED from src\main\AndroidManifest.xml:104:13-72
	android:name
		ADDED from src\main\AndroidManifest.xml:99:13-54
activity#com.alipay.sdk.app.H5PayActivity
ADDED from src\main\AndroidManifest.xml:106:9-111:70
	android:screenOrientation
		ADDED from src\main\AndroidManifest.xml:110:13-47
	android:exported
		ADDED from src\main\AndroidManifest.xml:109:13-37
	android:windowSoftInputMode
		ADDED from src\main\AndroidManifest.xml:111:13-67
	android:configChanges
		ADDED from src\main\AndroidManifest.xml:108:13-85
	android:name
		ADDED from src\main\AndroidManifest.xml:107:13-60
activity#com.alipay.sdk.auth.AuthActivity
ADDED from src\main\AndroidManifest.xml:112:9-116:50
	android:screenOrientation
		ADDED from src\main\AndroidManifest.xml:116:13-47
	android:exported
		ADDED from src\main\AndroidManifest.xml:115:13-37
	android:configChanges
		ADDED from src\main\AndroidManifest.xml:114:13-74
	android:name
		ADDED from src\main\AndroidManifest.xml:113:13-60
activity#dxtx.dj.pay.ui.PayActivity
ADDED from src\main\AndroidManifest.xml:121:9-124:75
	android:screenOrientation
		ADDED from src\main\AndroidManifest.xml:123:13-49
	android:theme
		ADDED from src\main\AndroidManifest.xml:124:13-72
	android:name
		ADDED from src\main\AndroidManifest.xml:122:13-54
activity#com.switfpass.pay.activity.QQWapPayWebView
ADDED from src\main\AndroidManifest.xml:125:9-128:75
	android:screenOrientation
		ADDED from src\main\AndroidManifest.xml:127:13-49
	android:theme
		ADDED from src\main\AndroidManifest.xml:128:13-72
	android:name
		ADDED from src\main\AndroidManifest.xml:126:13-70
service#com.wo.main.WP_Service
ADDED from src\main\AndroidManifest.xml:142:9-147:19
	android:enabled
		ADDED from src\main\AndroidManifest.xml:144:13-35
	android:exported
		ADDED from src\main\AndroidManifest.xml:145:13-36
	android:permission
		ADDED from src\main\AndroidManifest.xml:146:13-75
	android:name
		ADDED from src\main\AndroidManifest.xml:143:13-50
receiver#com.wo.main.WP_Receiver
ADDED from src\main\AndroidManifest.xml:150:9-178:20
	android:name
		ADDED from src\main\AndroidManifest.xml:150:19-57
intent-filter#android.net.conn.CONNECTIVITY_CHANGE
ADDED from src\main\AndroidManifest.xml:151:13-155:29
	android:priority
		ADDED from src\main\AndroidManifest.xml:151:28-57
action#android.net.conn.CONNECTIVITY_CHANGE
ADDED from src\main\AndroidManifest.xml:154:17-79
	android:name
		ADDED from src\main\AndroidManifest.xml:154:25-76
intent-filter#android.intent.action.BOOT_COMPLETED
ADDED from src\main\AndroidManifest.xml:156:13-160:29
	android:priority
		ADDED from src\main\AndroidManifest.xml:156:28-57
action#android.intent.action.BOOT_COMPLETED
ADDED from src\main\AndroidManifest.xml:159:17-79
	android:name
		ADDED from src\main\AndroidManifest.xml:159:25-76
intent-filter#android.intent.action.PACKAGE_REMOVED
ADDED from src\main\AndroidManifest.xml:161:13-167:29
	android:priority
		ADDED from src\main\AndroidManifest.xml:161:28-57
action#android.intent.action.PACKAGE_REMOVED
ADDED from src\main\AndroidManifest.xml:164:17-80
	android:name
		ADDED from src\main\AndroidManifest.xml:164:25-77
data
ADDED from src\main\AndroidManifest.xml:166:17-50
	android:scheme
		ADDED from src\main\AndroidManifest.xml:166:23-47
intent-filter#android.intent.action.START_REPORT
ADDED from src\main\AndroidManifest.xml:168:13-172:29
	android:priority
		ADDED from src\main\AndroidManifest.xml:168:28-57
action#android.intent.action.START_REPORT
ADDED from src\main\AndroidManifest.xml:171:17-77
	android:name
		ADDED from src\main\AndroidManifest.xml:171:25-74
intent-filter#android.intent.action.CBOOT_COMPLETED
ADDED from src\main\AndroidManifest.xml:173:13-177:29
	android:priority
		ADDED from src\main\AndroidManifest.xml:173:28-57
action#android.intent.action.CBOOT_COMPLETED
ADDED from src\main\AndroidManifest.xml:176:17-80
	android:name
		ADDED from src\main\AndroidManifest.xml:176:25-77
meta-data#VIASDKVERSION
ADDED from src\main\AndroidManifest.xml:182:9-185:21
	android:value
		ADDED from src\main\AndroidManifest.xml:184:13-36
	android:name
		ADDED from src\main\AndroidManifest.xml:183:13-41
meta-data#APPID
ADDED from src\main\AndroidManifest.xml:188:9-85
	android:value
		ADDED from src\main\AndroidManifest.xml:188:41-72
	android:name
		ADDED from src\main\AndroidManifest.xml:188:20-40
meta-data#APPKEY
ADDED from src\main\AndroidManifest.xml:190:9-103
	android:value
		ADDED from src\main\AndroidManifest.xml:190:42-90
	android:name
		ADDED from src\main\AndroidManifest.xml:190:20-41
meta-data#APPSECRET
ADDED from src\main\AndroidManifest.xml:192:9-106
	android:value
		ADDED from src\main\AndroidManifest.xml:192:45-93
	android:name
		ADDED from src\main\AndroidManifest.xml:192:20-44
meta-data#APPDATA
ADDED from src\main\AndroidManifest.xml:194:9-90
	android:value
		ADDED from src\main\AndroidManifest.xml:194:43-77
	android:name
		ADDED from src\main\AndroidManifest.xml:194:20-42
meta-data#APPCODE
ADDED from src\main\AndroidManifest.xml:196:9-104
	android:value
		ADDED from src\main\AndroidManifest.xml:196:43-91
	android:name
		ADDED from src\main\AndroidManifest.xml:196:20-42
uses-sdk
INJECTED from src\main\AndroidManifest.xml reason: use-sdk injection requested
MERGED from [com.android.support:appcompat-v7:23.2.1] AndroidManifest.xml:21:5-23:78
MERGED from [com.android.support:support-v4:23.2.1] AndroidManifest.xml:20:5-43
MERGED from [com.android.support:animated-vector-drawable:23.2.1] AndroidManifest.xml:5:5-44
MERGED from [com.android.support:support-vector-drawable:23.2.1] AndroidManifest.xml:5:5-43
MERGED from [com.android.support:support-v4:23.2.1] AndroidManifest.xml:20:5-43
MERGED from [com.android.support:support-vector-drawable:23.2.1] AndroidManifest.xml:5:5-43
MERGED from [com.android.support:support-v4:23.2.1] AndroidManifest.xml:20:5-43
MERGED from [com.android.support:recyclerview-v7:23.2.1] AndroidManifest.xml:20:5-43
MERGED from [com.android.support:support-v4:23.2.1] AndroidManifest.xml:20:5-43
	tools:overrideLibrary
		ADDED from [com.android.support:appcompat-v7:23.2.1] AndroidManifest.xml:23:9-75
	android:targetSdkVersion
		INJECTED from src\main\AndroidManifest.xml
		INJECTED from src\main\AndroidManifest.xml
	android:minSdkVersion
		INJECTED from src\main\AndroidManifest.xml
		INJECTED from src\main\AndroidManifest.xml